Using pre-set license
Built from '2020.3/release' branch; Version is '2020.3.15f2 (6cf78cb77498) revision 7141260'; Using compiler version '192528614'; Build Type 'Release'
OS: 'Windows 10 Home; OS build 19042.1237; Version 2009; 64bit' Language: 'en' Physical Memory: 16215 MB
BatchMode: 1, IsHumanControllingUs: 0, StartBugReporterOnCrash: 0, Is64bit: 1, IsPro: 0

 COMMAND LINE ARGUMENTS:
C:\Program Files\Unity\Hub\Editor\2020.3.15f2\Editor\Unity.exe
-adb2
-batchMode
-noUpm
-name
AssetImportWorker0
-projectPath
D:/School/F 21 CPI 211/Jam1/GameJam1
-logFile
Logs/AssetImportWorker0.log
-srvPort
56316
Successfully changed project path to: D:/School/F 21 CPI 211/Jam1/GameJam1
D:/School/F 21 CPI 211/Jam1/GameJam1
Using Asset Import Pipeline V2.
Refreshing native plugins compatible for Editor in 26.87 ms, found 2 plugins.
Preloading 0 native plugins for Editor in 0.00 ms.
Initialize engine version: 2020.3.15f2 (6cf78cb77498)
[Subsystems] Discovering subsystems at path C:/Program Files/Unity/Hub/Editor/2020.3.15f2/Editor/Data/Resources/UnitySubsystems
[Subsystems] Discovering subsystems at path D:/School/F 21 CPI 211/Jam1/GameJam1/Assets
GfxDevice: creating device client; threaded=0
Direct3D:
    Version:  Direct3D 11.0 [level 11.1]
    Renderer: NVIDIA GeForce RTX 2060 (ID=0x1f15)
    Vendor:   
    VRAM:     5980 MB
    Driver:   30.0.14.7196
Initialize mono
Mono path[0] = 'C:/Program Files/Unity/Hub/Editor/2020.3.15f2/Editor/Data/Managed'
Mono path[1] = 'C:/Program Files/Unity/Hub/Editor/2020.3.15f2/Editor/Data/MonoBleedingEdge/lib/mono/unityjit'
Mono config path = 'C:/Program Files/Unity/Hub/Editor/2020.3.15f2/Editor/Data/MonoBleedingEdge/etc'
Using monoOptions --debugger-agent=transport=dt_socket,embedding=1,server=y,suspend=n,address=127.0.0.1:56724
Begin MonoManager ReloadAssembly
Registering precompiled unity dll's ...
Register platform support module: C:/Program Files/Unity/Hub/Editor/2020.3.15f2/Editor/Data/PlaybackEngines/WindowsStandaloneSupport/UnityEditor.WindowsStandalone.Extensions.dll
Registered in 0.001574 seconds.
Native extension for WindowsStandalone target not found
Refreshing native plugins compatible for Editor in 31.81 ms, found 2 plugins.
Preloading 0 native plugins for Editor in 0.00 ms.
Mono: successfully reloaded assembly
- Completed reload, in  0.968 seconds
Domain Reload Profiling:
	ReloadAssembly (968ms)
		BeginReloadAssembly (57ms)
			ExecutionOrderSort (0ms)
			DisableScriptedObjects (0ms)
			BackupInstance (0ms)
			ReleaseScriptingObjects (0ms)
			CreateAndSetChildDomain (1ms)
		EndReloadAssembly (371ms)
			LoadAssemblies (54ms)
			RebuildTransferFunctionScriptingTraits (0ms)
			SetupTypeCache (137ms)
			ReleaseScriptCaches (0ms)
			RebuildScriptCaches (26ms)
			SetupLoadedEditorAssemblies (149ms)
				LogAssemblyErrors (0ms)
				InitializePlatformSupportModulesInManaged (3ms)
				SetLoadedEditorAssemblies (0ms)
				RefreshPlugins (32ms)
				BeforeProcessingInitializeOnLoad (12ms)
				ProcessInitializeOnLoadAttributes (76ms)
				ProcessInitializeOnLoadMethodAttributes (26ms)
				AfterProcessingInitializeOnLoad (0ms)
				EditorAssembliesLoaded (0ms)
			ExecutionOrderSort2 (0ms)
			AwakeInstancesAfterBackupRestoration (0ms)
Platform modules already initialized, skipping
Registering precompiled user dll's ...
Registered in 0.003130 seconds.
Begin MonoManager ReloadAssembly
Native extension for WindowsStandalone target not found
Refreshing native plugins compatible for Editor in 30.92 ms, found 2 plugins.
Preloading 0 native plugins for Editor in 0.00 ms.
Mono: successfully reloaded assembly
- Completed reload, in  1.274 seconds
Domain Reload Profiling:
	ReloadAssembly (1275ms)
		BeginReloadAssembly (173ms)
			ExecutionOrderSort (0ms)
			DisableScriptedObjects (7ms)
			BackupInstance (0ms)
			ReleaseScriptingObjects (0ms)
			CreateAndSetChildDomain (24ms)
		EndReloadAssembly (1009ms)
			LoadAssemblies (106ms)
			RebuildTransferFunctionScriptingTraits (0ms)
			SetupTypeCache (305ms)
			ReleaseScriptCaches (0ms)
			RebuildScriptCaches (43ms)
			SetupLoadedEditorAssemblies (433ms)
				LogAssemblyErrors (0ms)
				InitializePlatformSupportModulesInManaged (4ms)
				SetLoadedEditorAssemblies (0ms)
				RefreshPlugins (31ms)
				BeforeProcessingInitializeOnLoad (87ms)
				ProcessInitializeOnLoadAttributes (302ms)
				ProcessInitializeOnLoadMethodAttributes (4ms)
				AfterProcessingInitializeOnLoad (6ms)
				EditorAssembliesLoaded (0ms)
			ExecutionOrderSort2 (0ms)
			AwakeInstancesAfterBackupRestoration (6ms)
Platform modules already initialized, skipping
========================================================================
Worker process is ready to serve import requests
Launched and connected shader compiler UnityShaderCompiler.exe after 0.08 seconds
Refreshing native plugins compatible for Editor in 0.55 ms, found 2 plugins.
Preloading 0 native plugins for Editor in 0.00 ms.
Unloading 1693 Unused Serialized files (Serialized files now loaded: 0)
System memory in use before: 76.2 MB.
System memory in use after: 76.2 MB.

Unloading 20 unused Assets to reduce memory usage. Loaded Objects now: 2129.
Total: 2.407500 ms (FindLiveObjects: 0.235500 ms CreateObjectMapping: 0.127400 ms MarkObjects: 1.988200 ms  DeleteObjects: 0.055400 ms)

AssetImportParameters requested are different than current active one (requested -> active):
  custom:framework-win-MediaFoundation: 216162199b28c13a410421893ffa2e32 -> 
  custom:video-decoder-ogg-theora: a1e56fd34408186e4bbccfd4996cb3dc -> 
  custom:container-muxer-webm: aa71ff27fc2769a1b78a27578f13a17b -> 
  custom:container-demuxer-webm: 4f35f7cbe854078d1ac9338744f61a02 -> 
  custom:container-demuxer-ogg: 62fdf1f143b41e24485cea50d1cbac27 -> 
  custom:video-encoder-webm-vp8: eb34c28f22e8b96e1ab97ce403110664 -> 
  custom:video-decoder-webm-vp8: 9c59270c3fd7afecdb556c50c9e8de78 -> 
  custom:audio-decoder-ogg-vorbis: bf7c407c2cedff20999df2af8eb42d56 -> 
  custom:audio-encoder-webm-vorbis: bf7c407c2cedff20999df2af8eb42d56 -> 
========================================================================
Received Import Request.
  path: Assets/Scenes/Level1.unity
  artifactKey: Guid(cc4a2eac505e626449ea4eff689fad7e) Importer(815301076,1909f56bfc062723c751e8b465ee728b)
Start importing Assets/Scenes/Level1.unity using Guid(cc4a2eac505e626449ea4eff689fad7e) Importer(815301076,1909f56bfc062723c751e8b465ee728b)  -> (artifact id: '19a3792496ea754c53c5d993247b694f') in 0.016429 seconds 
  Import took 0.019004 seconds .

========================================================================
Received Import Request.
  Time since last request: 0.000152 seconds.
  path: Assets/Scenes
  artifactKey: Guid(2c3e107fe6fe04c49a410583afefea7b) Importer(815301076,1909f56bfc062723c751e8b465ee728b)
Start importing Assets/Scenes using Guid(2c3e107fe6fe04c49a410583afefea7b) Importer(815301076,1909f56bfc062723c751e8b465ee728b)  -> (artifact id: 'd41dee8ee26e030988f9520582715743') in 0.007888 seconds 
  Import took 0.010751 seconds .

========================================================================
Received Import Request.
  Time since last request: 44.015580 seconds.
  path: Assets/Scenes/MainScene.unity
  artifactKey: Guid(9fc0d4010bbf28b4594072e72b8655ab) Importer(815301076,1909f56bfc062723c751e8b465ee728b)
Start importing Assets/Scenes/MainScene.unity using Guid(9fc0d4010bbf28b4594072e72b8655ab) Importer(815301076,1909f56bfc062723c751e8b465ee728b)  -> (artifact id: '7e8a84dfcbb7c0cb2a71e5115c80e021') in 0.006244 seconds 
  Import took 0.008808 seconds .

========================================================================
Received Import Request.
  Time since last request: 7.046873 seconds.
  path: Assets/input
  artifactKey: Guid(53da2dd0490ea2a489dda39d428e3663) Importer(815301076,1909f56bfc062723c751e8b465ee728b)
Start importing Assets/input using Guid(53da2dd0490ea2a489dda39d428e3663) Importer(815301076,1909f56bfc062723c751e8b465ee728b)  -> (artifact id: 'b6444e4cd39db1787b82ad024dcfbb31') in 0.007858 seconds 
  Import took 0.010618 seconds .

========================================================================
Received Import Request.
  Time since last request: 0.044047 seconds.
  path: Assets/input/playerActions.inputactions
  artifactKey: Guid(87e1b0d0054f38c44922b27034252d52) Importer(815301076,1909f56bfc062723c751e8b465ee728b)
Start importing Assets/input/playerActions.inputactions using Guid(87e1b0d0054f38c44922b27034252d52) Importer(815301076,1909f56bfc062723c751e8b465ee728b)  -> (artifact id: 'be2bf285da6de090be338a1a7961786f') in 0.026405 seconds 
  Import took 0.029026 seconds .

========================================================================
Received Import Request.
  Time since last request: 2.583484 seconds.
  path: Assets/Materials
  artifactKey: Guid(3e2be717aae069c469e627e0f1383b03) Importer(815301076,1909f56bfc062723c751e8b465ee728b)
Start importing Assets/Materials using Guid(3e2be717aae069c469e627e0f1383b03) Importer(815301076,1909f56bfc062723c751e8b465ee728b)  -> (artifact id: '8a6ee0567acc2fea8db747aeca3b3c94') in 0.006275 seconds 
  Import took 0.009796 seconds .

========================================================================
Received Import Request.
  Time since last request: 0.861699 seconds.
  path: Assets/Materials/Textures
  artifactKey: Guid(62faa4cc6dc95ed419538f00ad5dfd4a) Importer(815301076,1909f56bfc062723c751e8b465ee728b)
Start importing Assets/Materials/Textures using Guid(62faa4cc6dc95ed419538f00ad5dfd4a) Importer(815301076,1909f56bfc062723c751e8b465ee728b)  -> (artifact id: '23b9f835221315656311d74201f7a438') in 0.005270 seconds 
  Import took 0.007836 seconds .

========================================================================
Received Import Request.
  Time since last request: 1.382387 seconds.
  path: Assets/Materials/Textures/Bowdrie
  artifactKey: Guid(ec1f4cdbd3ac7ba4e9f71984ce247b0b) Importer(815301076,1909f56bfc062723c751e8b465ee728b)
Start importing Assets/Materials/Textures/Bowdrie using Guid(ec1f4cdbd3ac7ba4e9f71984ce247b0b) Importer(815301076,1909f56bfc062723c751e8b465ee728b)  -> (artifact id: '36ab3960d88f850c8f1757aa029a1e06') in 0.006666 seconds 
  Import took 0.009508 seconds .

========================================================================
Received Import Request.
  Time since last request: 0.040760 seconds.
  path: Assets/Materials/Textures/Bowdrie/abstract.png
  artifactKey: Guid(9578e69c70fe95f4e8b1834ae5d04a19) Importer(815301076,1909f56bfc062723c751e8b465ee728b)
Start importing Assets/Materials/Textures/Bowdrie/abstract.png using Guid(9578e69c70fe95f4e8b1834ae5d04a19) Importer(815301076,1909f56bfc062723c751e8b465ee728b)  -> (artifact id: 'c6373902f1aba92bed474f2770ddf3d4') in 0.035531 seconds 
  Import took 0.038007 seconds .

========================================================================
Received Import Request.
  Time since last request: 0.000138 seconds.
  path: Assets/Materials/Textures/Bowdrie/wall3.png
  artifactKey: Guid(665457f8d19bcf847bc9a597af173bf1) Importer(815301076,1909f56bfc062723c751e8b465ee728b)
Start importing Assets/Materials/Textures/Bowdrie/wall3.png using Guid(665457f8d19bcf847bc9a597af173bf1) Importer(815301076,1909f56bfc062723c751e8b465ee728b)  -> (artifact id: '65f58b64cbd4a45f61ad59b82d2cbe28') in 0.010066 seconds 
  Import took 0.012394 seconds .

========================================================================
Received Import Request.
  Time since last request: 0.000144 seconds.
  path: Assets/Materials/Textures/Bowdrie/scifi4.png
  artifactKey: Guid(2e97f9d3a014ebb44a95f693bf6ab9f2) Importer(815301076,1909f56bfc062723c751e8b465ee728b)
Start importing Assets/Materials/Textures/Bowdrie/scifi4.png using Guid(2e97f9d3a014ebb44a95f693bf6ab9f2) Importer(815301076,1909f56bfc062723c751e8b465ee728b)  -> (artifact id: '5fd2e574f44c0e8f6b4ca9faacc7748f') in 0.013547 seconds 
  Import took 0.016176 seconds .

========================================================================
Received Import Request.
  Time since last request: 0.000164 seconds.
  path: Assets/Materials/Textures/Bowdrie/ground.png
  artifactKey: Guid(094227ed090d5f34ab3332cb2e14ffdf) Importer(815301076,1909f56bfc062723c751e8b465ee728b)
Start importing Assets/Materials/Textures/Bowdrie/ground.png using Guid(094227ed090d5f34ab3332cb2e14ffdf) Importer(815301076,1909f56bfc062723c751e8b465ee728b)  -> (artifact id: '2fc26ffbf1a1c50153d81b79f798ef8e') in 0.014993 seconds 
  Import took 0.018187 seconds .

========================================================================
Received Import Request.
  Time since last request: 0.000197 seconds.
  path: Assets/Materials/Textures/Bowdrie/white_wall.png
  artifactKey: Guid(5173a999f2ec3894e834478955019455) Importer(815301076,1909f56bfc062723c751e8b465ee728b)
Start importing Assets/Materials/Textures/Bowdrie/white_wall.png using Guid(5173a999f2ec3894e834478955019455) Importer(815301076,1909f56bfc062723c751e8b465ee728b)  -> (artifact id: '5142f31a06f9cf78c0de7a4fe36ec82d') in 0.010280 seconds 
  Import took 0.013007 seconds .

========================================================================
Received Import Request.
  Time since last request: 0.000140 seconds.
  path: Assets/Materials/Textures/Bowdrie/scifi2.png
  artifactKey: Guid(bff04bac392ae5349be9b2ab5fa61527) Importer(815301076,1909f56bfc062723c751e8b465ee728b)
Start importing Assets/Materials/Textures/Bowdrie/scifi2.png using Guid(bff04bac392ae5349be9b2ab5fa61527) Importer(815301076,1909f56bfc062723c751e8b465ee728b)  -> (artifact id: 'ab7eb89b3e8d1eefb670434b0433c33a') in 0.012852 seconds 
  Import took 0.015611 seconds .

========================================================================
Received Import Request.
  Time since last request: 0.000159 seconds.
  path: Assets/Materials/Textures/Bowdrie/gold.png
  artifactKey: Guid(af76633fee720164ca636afef8116caa) Importer(815301076,1909f56bfc062723c751e8b465ee728b)
Start importing Assets/Materials/Textures/Bowdrie/gold.png using Guid(af76633fee720164ca636afef8116caa) Importer(815301076,1909f56bfc062723c751e8b465ee728b)  -> (artifact id: 'c83b324146e52f194bcd1d4c2f4541a7') in 0.011695 seconds 
  Import took 0.014387 seconds .

========================================================================
Received Import Request.
  Time since last request: 0.000206 seconds.
  path: Assets/Materials/Textures/Bowdrie/alien_ground.png
  artifactKey: Guid(1fa0a0c284babad428a4c248675f094e) Importer(815301076,1909f56bfc062723c751e8b465ee728b)
Start importing Assets/Materials/Textures/Bowdrie/alien_ground.png using Guid(1fa0a0c284babad428a4c248675f094e) Importer(815301076,1909f56bfc062723c751e8b465ee728b)  -> (artifact id: '80140135b0592ed4745f15b34bc87f46') in 0.011393 seconds 
  Import took 0.014269 seconds .

========================================================================
Received Import Request.
  Time since last request: 0.000142 seconds.
  path: Assets/Materials/Textures/Bowdrie/electronics.png
  artifactKey: Guid(e3395273784a4de4a921bd7b7a39b807) Importer(815301076,1909f56bfc062723c751e8b465ee728b)
Start importing Assets/Materials/Textures/Bowdrie/electronics.png using Guid(e3395273784a4de4a921bd7b7a39b807) Importer(815301076,1909f56bfc062723c751e8b465ee728b)  -> (artifact id: '62d41bceccc6f1cb2c304e3859a67302') in 0.010275 seconds 
  Import took 0.012668 seconds .

========================================================================
Received Import Request.
  Time since last request: 0.000123 seconds.
  path: Assets/Materials/Textures/Bowdrie/steel_pattern.png
  artifactKey: Guid(aac42880c625ae74e9d9da293101aeec) Importer(815301076,1909f56bfc062723c751e8b465ee728b)
Start importing Assets/Materials/Textures/Bowdrie/steel_pattern.png using Guid(aac42880c625ae74e9d9da293101aeec) Importer(815301076,1909f56bfc062723c751e8b465ee728b)  -> (artifact id: '78cafeade4379809da604dd296df4a2d') in 0.013670 seconds 
  Import took 0.016096 seconds .

========================================================================
Received Import Request.
  Time since last request: 0.000133 seconds.
  path: Assets/Materials/Textures/Bowdrie/stone_wall.png
  artifactKey: Guid(2760834537c319349a6d0b92d55ba3a5) Importer(815301076,1909f56bfc062723c751e8b465ee728b)
Start importing Assets/Materials/Textures/Bowdrie/stone_wall.png using Guid(2760834537c319349a6d0b92d55ba3a5) Importer(815301076,1909f56bfc062723c751e8b465ee728b)  -> (artifact id: '626e1d06cf8edb3e22ea47fcb048031b') in 0.013111 seconds 
  Import took 0.015827 seconds .

========================================================================
Received Import Request.
  Time since last request: 0.000224 seconds.
  path: Assets/Materials/Textures/Bowdrie/lights.png
  artifactKey: Guid(186b46414e715cf40a0a4e984a4c4b0f) Importer(815301076,1909f56bfc062723c751e8b465ee728b)
Start importing Assets/Materials/Textures/Bowdrie/lights.png using Guid(186b46414e715cf40a0a4e984a4c4b0f) Importer(815301076,1909f56bfc062723c751e8b465ee728b)  -> (artifact id: '1cced291c8c900303f829b7fa7a7cf8d') in 0.010192 seconds 
  Import took 0.012741 seconds .

========================================================================
Received Import Request.
  Time since last request: 0.000178 seconds.
  path: Assets/Materials/Textures/Bowdrie/rock.png
  artifactKey: Guid(05b571e4e7c08a94ca3573c800bf92b6) Importer(815301076,1909f56bfc062723c751e8b465ee728b)
Start importing Assets/Materials/Textures/Bowdrie/rock.png using Guid(05b571e4e7c08a94ca3573c800bf92b6) Importer(815301076,1909f56bfc062723c751e8b465ee728b)  -> (artifact id: '372029b2b7822c6b2050abdb1c5df7de') in 0.011464 seconds 
  Import took 0.014637 seconds .

========================================================================
Received Import Request.
  Time since last request: 0.000195 seconds.
  path: Assets/Materials/Textures/Bowdrie/wall.png
  artifactKey: Guid(40ca2ab6d452e08439be1a80fab088e9) Importer(815301076,1909f56bfc062723c751e8b465ee728b)
Start importing Assets/Materials/Textures/Bowdrie/wall.png using Guid(40ca2ab6d452e08439be1a80fab088e9) Importer(815301076,1909f56bfc062723c751e8b465ee728b)  -> (artifact id: '65605940afffe0c5f52860016c02d390') in 0.010484 seconds 
  Import took 0.013083 seconds .

========================================================================
Received Import Request.
  Time since last request: 0.000206 seconds.
  path: Assets/Materials/Textures/Bowdrie/laval_blue.png
  artifactKey: Guid(f9eeb811316842840bd69293d55bed49) Importer(815301076,1909f56bfc062723c751e8b465ee728b)
Start importing Assets/Materials/Textures/Bowdrie/laval_blue.png using Guid(f9eeb811316842840bd69293d55bed49) Importer(815301076,1909f56bfc062723c751e8b465ee728b)  -> (artifact id: '65efcead1de7ace183f7c4b89d65e4fc') in 0.013453 seconds 
  Import took 0.016109 seconds .

========================================================================
Received Import Request.
  Time since last request: 0.000139 seconds.
  path: Assets/Materials/Textures/Bowdrie/brain.png
  artifactKey: Guid(d9a20bc81137e6b459e69d81faa7a51a) Importer(815301076,1909f56bfc062723c751e8b465ee728b)
Start importing Assets/Materials/Textures/Bowdrie/brain.png using Guid(d9a20bc81137e6b459e69d81faa7a51a) Importer(815301076,1909f56bfc062723c751e8b465ee728b)  -> (artifact id: '1a34884a204ce9eb9e4248c727039db9') in 0.011725 seconds 
  Import took 0.014295 seconds .

========================================================================
Received Import Request.
  Time since last request: 0.000171 seconds.
  path: Assets/Materials/Textures/Bowdrie/cloth.png
  artifactKey: Guid(1b1e5e2f38ef11f4cbc41b171bc834e8) Importer(815301076,1909f56bfc062723c751e8b465ee728b)
Start importing Assets/Materials/Textures/Bowdrie/cloth.png using Guid(1b1e5e2f38ef11f4cbc41b171bc834e8) Importer(815301076,1909f56bfc062723c751e8b465ee728b)  -> (artifact id: 'c346454bb9e5718dea942d53152bc8ef') in 0.013641 seconds 
  Import took 0.016765 seconds .

========================================================================
Received Import Request.
  Time since last request: 0.000168 seconds.
  path: Assets/Materials/Textures/Bowdrie/scifi.png
  artifactKey: Guid(5b9a83b4aed081f4293ed6b4d4d8b5c4) Importer(815301076,1909f56bfc062723c751e8b465ee728b)
Start importing Assets/Materials/Textures/Bowdrie/scifi.png using Guid(5b9a83b4aed081f4293ed6b4d4d8b5c4) Importer(815301076,1909f56bfc062723c751e8b465ee728b)  -> (artifact id: '5ad19bce0a359ea3eed7a0737a50f65d') in 0.016232 seconds 
  Import took 0.019281 seconds .

========================================================================
Received Import Request.
  Time since last request: 0.000152 seconds.
  path: Assets/Materials/Textures/Bowdrie/refraction.png
  artifactKey: Guid(9c7820df7d0afe742a6f7b6a340b3a43) Importer(815301076,1909f56bfc062723c751e8b465ee728b)
Start importing Assets/Materials/Textures/Bowdrie/refraction.png using Guid(9c7820df7d0afe742a6f7b6a340b3a43) Importer(815301076,1909f56bfc062723c751e8b465ee728b)  -> (artifact id: '26be431a1528ff13cd6ab2a570199d90') in 0.016681 seconds 
  Import took 0.019654 seconds .

========================================================================
Received Import Request.
  Time since last request: 0.000184 seconds.
  path: Assets/Materials/Textures/Bowdrie/crystal.png
  artifactKey: Guid(0a3162c116f41fe49a3183082a40f849) Importer(815301076,1909f56bfc062723c751e8b465ee728b)
Start importing Assets/Materials/Textures/Bowdrie/crystal.png using Guid(0a3162c116f41fe49a3183082a40f849) Importer(815301076,1909f56bfc062723c751e8b465ee728b)  -> (artifact id: '7da051ea58f0586775828510afdc4d6a') in 0.012383 seconds 
  Import took 0.015275 seconds .

========================================================================
Received Import Request.
  Time since last request: 0.000175 seconds.
  path: Assets/Materials/Textures/Bowdrie/hair.png
  artifactKey: Guid(149b2386535f6c841b76e7782c553e5d) Importer(815301076,1909f56bfc062723c751e8b465ee728b)
Start importing Assets/Materials/Textures/Bowdrie/hair.png using Guid(149b2386535f6c841b76e7782c553e5d) Importer(815301076,1909f56bfc062723c751e8b465ee728b)  -> (artifact id: '1c4c079c3320351339a7ac0dfacb37be') in 0.011157 seconds 
  Import took 0.013882 seconds .

========================================================================
Received Import Request.
  Time since last request: 0.000256 seconds.
  path: Assets/Materials/Textures/Bowdrie/scifi3.png
  artifactKey: Guid(f00575314575c914f89ec00a14c110e8) Importer(815301076,1909f56bfc062723c751e8b465ee728b)
Start importing Assets/Materials/Textures/Bowdrie/scifi3.png using Guid(f00575314575c914f89ec00a14c110e8) Importer(815301076,1909f56bfc062723c751e8b465ee728b)  -> (artifact id: '4ccc2bb1ff6307fba353cfdb8734df30') in 0.010639 seconds 
  Import took 0.013169 seconds .

========================================================================
Received Import Request.
  Time since last request: 0.000131 seconds.
  path: Assets/Materials/Textures/Bowdrie/buttons.png
  artifactKey: Guid(6783f8b8203ec254499c2ba522b98c30) Importer(815301076,1909f56bfc062723c751e8b465ee728b)
Start importing Assets/Materials/Textures/Bowdrie/buttons.png using Guid(6783f8b8203ec254499c2ba522b98c30) Importer(815301076,1909f56bfc062723c751e8b465ee728b)  -> (artifact id: '146ae7744f30cb705968570f42e34e68') in 0.010105 seconds 
  Import took 0.013121 seconds .

========================================================================
Received Import Request.
  Time since last request: 0.000135 seconds.
  path: Assets/Materials/Textures/Bowdrie/lava.png
  artifactKey: Guid(f5d8e35685bc8da4fa621d347a480536) Importer(815301076,1909f56bfc062723c751e8b465ee728b)
Start importing Assets/Materials/Textures/Bowdrie/lava.png using Guid(f5d8e35685bc8da4fa621d347a480536) Importer(815301076,1909f56bfc062723c751e8b465ee728b)  -> (artifact id: 'fcb77888c4521bee2c17b5659154a274') in 0.012525 seconds 
  Import took 0.014855 seconds .

========================================================================
Received Import Request.
  Time since last request: 0.000189 seconds.
  path: Assets/Materials/Textures/Bowdrie/rust.png
  artifactKey: Guid(a58686b2e4f922043944d3b0d580baae) Importer(815301076,1909f56bfc062723c751e8b465ee728b)
Start importing Assets/Materials/Textures/Bowdrie/rust.png using Guid(a58686b2e4f922043944d3b0d580baae) Importer(815301076,1909f56bfc062723c751e8b465ee728b)  -> (artifact id: '3484f6277d1739b68f12194d0b7effcc') in 0.014675 seconds 
  Import took 0.017867 seconds .

========================================================================
Received Import Request.
  Time since last request: 0.000147 seconds.
  path: Assets/Materials/Textures/Bowdrie/orient2.png
  artifactKey: Guid(d4b57e4080d63524b8554541bb3cd096) Importer(815301076,1909f56bfc062723c751e8b465ee728b)
Start importing Assets/Materials/Textures/Bowdrie/orient2.png using Guid(d4b57e4080d63524b8554541bb3cd096) Importer(815301076,1909f56bfc062723c751e8b465ee728b)  -> (artifact id: '92fe5e83e9782bda0edd8cd7e7ff93c2') in 0.013667 seconds 
  Import took 0.016331 seconds .

========================================================================
Received Import Request.
  Time since last request: 0.000146 seconds.
  path: Assets/Materials/Textures/Bowdrie/lava3.png
  artifactKey: Guid(bb52bbd7c38508743950f0ea75c72d05) Importer(815301076,1909f56bfc062723c751e8b465ee728b)
Start importing Assets/Materials/Textures/Bowdrie/lava3.png using Guid(bb52bbd7c38508743950f0ea75c72d05) Importer(815301076,1909f56bfc062723c751e8b465ee728b)  -> (artifact id: '0de231917e6a12ef9b5fc077f1a42cf7') in 0.014592 seconds 
  Import took 0.017611 seconds .

========================================================================
Received Import Request.
  Time since last request: 0.000150 seconds.
  path: Assets/Materials/Textures/Bowdrie/cobblestone.png
  artifactKey: Guid(11a1efabe4970524cb36d135471a2750) Importer(815301076,1909f56bfc062723c751e8b465ee728b)
Start importing Assets/Materials/Textures/Bowdrie/cobblestone.png using Guid(11a1efabe4970524cb36d135471a2750) Importer(815301076,1909f56bfc062723c751e8b465ee728b)  -> (artifact id: '5ece001b2ab9cccfe81ae49f2e17a289') in 0.014740 seconds 
  Import took 0.017713 seconds .

========================================================================
Received Import Request.
  Time since last request: 0.000224 seconds.
  path: Assets/Materials/Textures/Bowdrie/orient.png
  artifactKey: Guid(7dc6449ac5818e2409513bc9915045d1) Importer(815301076,1909f56bfc062723c751e8b465ee728b)
Start importing Assets/Materials/Textures/Bowdrie/orient.png using Guid(7dc6449ac5818e2409513bc9915045d1) Importer(815301076,1909f56bfc062723c751e8b465ee728b)  -> (artifact id: '74f49f3e056e03b782b318e09622ca17') in 0.012242 seconds 
  Import took 0.015990 seconds .

========================================================================
Received Import Request.
  Time since last request: 0.000147 seconds.
  path: Assets/Materials/Textures/Bowdrie/dirt.png
  artifactKey: Guid(70f92ee8877543f44baa86b68beffbcf) Importer(815301076,1909f56bfc062723c751e8b465ee728b)
Start importing Assets/Materials/Textures/Bowdrie/dirt.png using Guid(70f92ee8877543f44baa86b68beffbcf) Importer(815301076,1909f56bfc062723c751e8b465ee728b)  -> (artifact id: '9759d01782793a35ed8dfedcddb561a2') in 0.009940 seconds 
  Import took 0.012749 seconds .

========================================================================
Received Import Request.
  Time since last request: 0.000160 seconds.
  path: Assets/Materials/Textures/Bowdrie/pavement.png
  artifactKey: Guid(24e79b3c72dd5a5419d1d358bdde98f4) Importer(815301076,1909f56bfc062723c751e8b465ee728b)
Start importing Assets/Materials/Textures/Bowdrie/pavement.png using Guid(24e79b3c72dd5a5419d1d358bdde98f4) Importer(815301076,1909f56bfc062723c751e8b465ee728b)  -> (artifact id: '25f2f794f17e90405ffcdb8915eac162') in 0.013474 seconds 
  Import took 0.015821 seconds .

========================================================================
Received Import Request.
  Time since last request: 0.000145 seconds.
  path: Assets/Materials/Textures/Bowdrie/wood2.png
  artifactKey: Guid(d5e11961353b9904f8cea54c6c28c2a5) Importer(815301076,1909f56bfc062723c751e8b465ee728b)
Start importing Assets/Materials/Textures/Bowdrie/wood2.png using Guid(d5e11961353b9904f8cea54c6c28c2a5) Importer(815301076,1909f56bfc062723c751e8b465ee728b)  -> (artifact id: '47df4a69194608c21c70a278339f2c9b') in 0.009900 seconds 
  Import took 0.012628 seconds .

========================================================================
Received Import Request.
  Time since last request: 0.000135 seconds.
  path: Assets/Materials/Textures/Bowdrie/goo.png
  artifactKey: Guid(a687d57357d217c42ab79a265034531c) Importer(815301076,1909f56bfc062723c751e8b465ee728b)
Start importing Assets/Materials/Textures/Bowdrie/goo.png using Guid(a687d57357d217c42ab79a265034531c) Importer(815301076,1909f56bfc062723c751e8b465ee728b)  -> (artifact id: '75c9db4ba6fca8d95688054d30040bdb') in 0.011427 seconds 
  Import took 0.013825 seconds .

========================================================================
Received Import Request.
  Time since last request: 0.000216 seconds.
  path: Assets/Materials/Textures/Bowdrie/colorful.png
  artifactKey: Guid(71fdb6be6b9609b4b95e86282b82245e) Importer(815301076,1909f56bfc062723c751e8b465ee728b)
Start importing Assets/Materials/Textures/Bowdrie/colorful.png using Guid(71fdb6be6b9609b4b95e86282b82245e) Importer(815301076,1909f56bfc062723c751e8b465ee728b)  -> (artifact id: '2b60e699a4c723563ff1f688c63027b8') in 0.011285 seconds 
  Import took 0.014090 seconds .

========================================================================
Received Import Request.
  Time since last request: 0.000146 seconds.
  path: Assets/Materials/Textures/Bowdrie/wood.png
  artifactKey: Guid(7698a81b48101fa4ba7b582b6228ac2c) Importer(815301076,1909f56bfc062723c751e8b465ee728b)
Start importing Assets/Materials/Textures/Bowdrie/wood.png using Guid(7698a81b48101fa4ba7b582b6228ac2c) Importer(815301076,1909f56bfc062723c751e8b465ee728b)  -> (artifact id: 'c10421dd4bf4f7de5d8b8e4a31af8dc0') in 0.009242 seconds 
  Import took 0.011699 seconds .

========================================================================
Received Import Request.
  Time since last request: 0.000135 seconds.
  path: Assets/Materials/Textures/Bowdrie/net.png
  artifactKey: Guid(eb45de4b1d462b144b3de0bf7d5aeea8) Importer(815301076,1909f56bfc062723c751e8b465ee728b)
Start importing Assets/Materials/Textures/Bowdrie/net.png using Guid(eb45de4b1d462b144b3de0bf7d5aeea8) Importer(815301076,1909f56bfc062723c751e8b465ee728b)  -> (artifact id: '7095147d127327bc4740ebb64a81c064') in 0.015767 seconds 
  Import took 0.018078 seconds .

========================================================================
Received Import Request.
  Time since last request: 0.000171 seconds.
  path: Assets/Materials/Textures/Bowdrie/wall2.png
  artifactKey: Guid(5f8f12473dee71745afd8d54186b14ad) Importer(815301076,1909f56bfc062723c751e8b465ee728b)
Start importing Assets/Materials/Textures/Bowdrie/wall2.png using Guid(5f8f12473dee71745afd8d54186b14ad) Importer(815301076,1909f56bfc062723c751e8b465ee728b)  -> (artifact id: '9403cdae5445ba4cb99b128e9b00ca63') in 0.012660 seconds 
  Import took 0.016011 seconds .

========================================================================
Received Import Request.
  Time since last request: 0.000143 seconds.
  path: Assets/Materials/Textures/Bowdrie/stars.png
  artifactKey: Guid(90808da128e2b6a4c8470750f6de400a) Importer(815301076,1909f56bfc062723c751e8b465ee728b)
Start importing Assets/Materials/Textures/Bowdrie/stars.png using Guid(90808da128e2b6a4c8470750f6de400a) Importer(815301076,1909f56bfc062723c751e8b465ee728b)  -> (artifact id: 'df16376f8d18e99aed687a6be21aa9cb') in 0.013243 seconds 
  Import took 0.015691 seconds .

========================================================================
Received Import Request.
  Time since last request: 0.000158 seconds.
  path: Assets/Materials/Textures/Bowdrie/tiles.png
  artifactKey: Guid(99915cd4e79b23145bd6337868f42249) Importer(815301076,1909f56bfc062723c751e8b465ee728b)
Start importing Assets/Materials/Textures/Bowdrie/tiles.png using Guid(99915cd4e79b23145bd6337868f42249) Importer(815301076,1909f56bfc062723c751e8b465ee728b)  -> (artifact id: '19903215961a8076308d131437a420c5') in 0.009512 seconds 
  Import took 0.011934 seconds .

========================================================================
Received Import Request.
  Time since last request: 0.000143 seconds.
  path: Assets/Materials/Textures/Bowdrie/ground2.png
  artifactKey: Guid(c1c666f772f33b14f94c8ae31436efbf) Importer(815301076,1909f56bfc062723c751e8b465ee728b)
Start importing Assets/Materials/Textures/Bowdrie/ground2.png using Guid(c1c666f772f33b14f94c8ae31436efbf) Importer(815301076,1909f56bfc062723c751e8b465ee728b)  -> (artifact id: '6ee7818414dc0b00f96bb652149f3e13') in 0.013065 seconds 
  Import took 0.015649 seconds .

========================================================================
Received Import Request.
  Time since last request: 0.000165 seconds.
  path: Assets/Materials/Textures/Bowdrie/lava2.png
  artifactKey: Guid(d6f5e14edb2b7ce44b6ccd1579fce57e) Importer(815301076,1909f56bfc062723c751e8b465ee728b)
Start importing Assets/Materials/Textures/Bowdrie/lava2.png using Guid(d6f5e14edb2b7ce44b6ccd1579fce57e) Importer(815301076,1909f56bfc062723c751e8b465ee728b)  -> (artifact id: '7d3e6dbb53604bd098fc07047d7c4085') in 0.010540 seconds 
  Import took 0.013277 seconds .

========================================================================
Received Import Request.
  Time since last request: 0.000143 seconds.
  path: Assets/Materials/Textures/Bowdrie/weird_sand.png
  artifactKey: Guid(70827701cf5710b4eb0a58de09863017) Importer(815301076,1909f56bfc062723c751e8b465ee728b)
Start importing Assets/Materials/Textures/Bowdrie/weird_sand.png using Guid(70827701cf5710b4eb0a58de09863017) Importer(815301076,1909f56bfc062723c751e8b465ee728b)  -> (artifact id: '42004b2674c8e48fb37bbcc5f157b94e') in 0.011373 seconds 
  Import took 0.014298 seconds .

========================================================================
Received Import Request.
  Time since last request: 5.350311 seconds.
  path: Assets/Models
  artifactKey: Guid(502efd7255d1d3d45a0f80d2eefc8c63) Importer(815301076,1909f56bfc062723c751e8b465ee728b)
Start importing Assets/Models using Guid(502efd7255d1d3d45a0f80d2eefc8c63) Importer(815301076,1909f56bfc062723c751e8b465ee728b)  -> (artifact id: '164c38e91d4fcf92136c26500cf45a74') in 0.005818 seconds 
  Import took 0.008438 seconds .

========================================================================
Received Import Request.
  Time since last request: 0.999845 seconds.
  path: Assets/Models/Level1Assets
  artifactKey: Guid(2070abd29d1c9024b91ad1d467e1b1d7) Importer(815301076,1909f56bfc062723c751e8b465ee728b)
Start importing Assets/Models/Level1Assets using Guid(2070abd29d1c9024b91ad1d467e1b1d7) Importer(815301076,1909f56bfc062723c751e8b465ee728b)  -> (artifact id: '44955a24f32df2796cf19508061c4bb7') in 0.006511 seconds 
  Import took 0.008990 seconds .

========================================================================
Received Import Request.
  Time since last request: 0.898065 seconds.
  path: Assets/Models/Level1Assets/OBJ Files
  artifactKey: Guid(bdb363afd31653f4096ac2dc9ade287f) Importer(815301076,1909f56bfc062723c751e8b465ee728b)
Start importing Assets/Models/Level1Assets/OBJ Files using Guid(bdb363afd31653f4096ac2dc9ade287f) Importer(815301076,1909f56bfc062723c751e8b465ee728b)  -> (artifact id: '4e563bac27e8ef75af398c60694f6858') in 0.006730 seconds 
  Import took 0.009617 seconds .

========================================================================
Received Import Request.
  Time since last request: 0.085215 seconds.
  path: Assets/Models/Level1Assets/OBJ Files/Level D1.obj
  artifactKey: Guid(cc62a351ab8a34e489a7b9cbce3450a4) Importer(815301076,1909f56bfc062723c751e8b465ee728b)
Start importing Assets/Models/Level1Assets/OBJ Files/Level D1.obj using Guid(cc62a351ab8a34e489a7b9cbce3450a4) Importer(815301076,1909f56bfc062723c751e8b465ee728b)  -> (artifact id: '821940acecb339f3a37be1358ec898b8') in 0.200134 seconds 
  Import took 0.202961 seconds .

========================================================================
Received Import Request.
  Time since last request: 0.000126 seconds.
  path: Assets/Models/Level1Assets/OBJ Files/rock_tallD.obj
  artifactKey: Guid(66879af6408189441bff9d9a05c7167c) Importer(815301076,1909f56bfc062723c751e8b465ee728b)
Start importing Assets/Models/Level1Assets/OBJ Files/rock_tallD.obj using Guid(66879af6408189441bff9d9a05c7167c) Importer(815301076,1909f56bfc062723c751e8b465ee728b)  -> (artifact id: '25d64d7fed11fb2ba8acaa0c5218bbbe') in 0.027407 seconds 
  Import took 0.030402 seconds .

========================================================================
Received Import Request.
  Time since last request: 0.000136 seconds.
  path: Assets/Models/Level1Assets/OBJ Files/rock_tallE.obj
  artifactKey: Guid(5c97bf6b026d43a4f9bc648556ad44e4) Importer(815301076,1909f56bfc062723c751e8b465ee728b)
Start importing Assets/Models/Level1Assets/OBJ Files/rock_tallE.obj using Guid(5c97bf6b026d43a4f9bc648556ad44e4) Importer(815301076,1909f56bfc062723c751e8b465ee728b)  -> (artifact id: '081a1168f38980509c708582df4c13db') in 0.032843 seconds 
  Import took 0.035134 seconds .

========================================================================
Received Import Request.
  Time since last request: 0.000135 seconds.
  path: Assets/Models/Level1Assets/OBJ Files/rock_tallJ.obj
  artifactKey: Guid(cba5f48678d9907408963bf2e2ad42ae) Importer(815301076,1909f56bfc062723c751e8b465ee728b)
Start importing Assets/Models/Level1Assets/OBJ Files/rock_tallJ.obj using Guid(cba5f48678d9907408963bf2e2ad42ae) Importer(815301076,1909f56bfc062723c751e8b465ee728b)  -> (artifact id: 'cf70715368c6035ad302c96b7484b73b') in 0.027902 seconds 
  Import took 0.030271 seconds .

========================================================================
Received Import Request.
  Time since last request: 0.000123 seconds.
  path: Assets/Models/Level1Assets/OBJ Files/rock_tallA.obj
  artifactKey: Guid(5b9b9d3ae840146468ccfaf0ff2f62ce) Importer(815301076,1909f56bfc062723c751e8b465ee728b)
Start importing Assets/Models/Level1Assets/OBJ Files/rock_tallA.obj using Guid(5b9b9d3ae840146468ccfaf0ff2f62ce) Importer(815301076,1909f56bfc062723c751e8b465ee728b)  -> (artifact id: 'f5ce82f3f47cfb364a69c4bd77edf32a') in 0.031868 seconds 
  Import took 0.034263 seconds .

========================================================================
Received Import Request.
  Time since last request: 0.000117 seconds.
  path: Assets/Models/Level1Assets/OBJ Files/rock_tallH.obj
  artifactKey: Guid(6ced011e85364874eb2fbbd067604ab0) Importer(815301076,1909f56bfc062723c751e8b465ee728b)
Start importing Assets/Models/Level1Assets/OBJ Files/rock_tallH.obj using Guid(6ced011e85364874eb2fbbd067604ab0) Importer(815301076,1909f56bfc062723c751e8b465ee728b)  -> (artifact id: 'f20e4a75712fd52a342a77c5c81aab56') in 0.028496 seconds 
  Import took 0.031077 seconds .

========================================================================
Received Import Request.
  Time since last request: 0.000135 seconds.
  path: Assets/Models/Level1Assets/OBJ Files/rock_tallF.obj
  artifactKey: Guid(2cbf8be2846e7be4daa62a0dcee5d1a5) Importer(815301076,1909f56bfc062723c751e8b465ee728b)
Start importing Assets/Models/Level1Assets/OBJ Files/rock_tallF.obj using Guid(2cbf8be2846e7be4daa62a0dcee5d1a5) Importer(815301076,1909f56bfc062723c751e8b465ee728b)  -> (artifact id: '65d0d5b44db5cbcf7be4cbf057be0ee0') in 0.028303 seconds 
  Import took 0.030578 seconds .

========================================================================
Received Import Request.
  Time since last request: 0.000124 seconds.
  path: Assets/Models/Level1Assets/OBJ Files/rock_tallC.obj
  artifactKey: Guid(9542afab5daa0a449b43f33bf74267a5) Importer(815301076,1909f56bfc062723c751e8b465ee728b)
Start importing Assets/Models/Level1Assets/OBJ Files/rock_tallC.obj using Guid(9542afab5daa0a449b43f33bf74267a5) Importer(815301076,1909f56bfc062723c751e8b465ee728b)  -> (artifact id: 'f64bf4a0adc31c91ee33a143dfc05e75') in 0.026573 seconds 
  Import took 0.028833 seconds .

========================================================================
Received Import Request.
  Time since last request: 0.000129 seconds.
  path: Assets/Models/Level1Assets/OBJ Files/rock_tallI.obj
  artifactKey: Guid(71a97e5b47672ca41ae657200e6c0305) Importer(815301076,1909f56bfc062723c751e8b465ee728b)
Start importing Assets/Models/Level1Assets/OBJ Files/rock_tallI.obj using Guid(71a97e5b47672ca41ae657200e6c0305) Importer(815301076,1909f56bfc062723c751e8b465ee728b)  -> (artifact id: 'd69af2aee70b88a57470678c154dfcce') in 0.023158 seconds 
  Import took 0.025504 seconds .

========================================================================
Received Import Request.
  Time since last request: 0.000132 seconds.
  path: Assets/Models/Level1Assets/OBJ Files/rock_tallB.obj
  artifactKey: Guid(3c106d2cd5734054c82c183e9387ef8b) Importer(815301076,1909f56bfc062723c751e8b465ee728b)
Start importing Assets/Models/Level1Assets/OBJ Files/rock_tallB.obj using Guid(3c106d2cd5734054c82c183e9387ef8b) Importer(815301076,1909f56bfc062723c751e8b465ee728b)  -> (artifact id: 'fc58f4fe04e22c4d5a46dd265ffd4d55') in 0.024572 seconds 
  Import took 0.026993 seconds .

========================================================================
Received Import Request.
  Time since last request: 0.000134 seconds.
  path: Assets/Models/Level1Assets/OBJ Files/rock_tallG.obj
  artifactKey: Guid(21089243722562a4d9891431240a5ff1) Importer(815301076,1909f56bfc062723c751e8b465ee728b)
Start importing Assets/Models/Level1Assets/OBJ Files/rock_tallG.obj using Guid(21089243722562a4d9891431240a5ff1) Importer(815301076,1909f56bfc062723c751e8b465ee728b)  -> (artifact id: '6e7c430a22351f701554f67e4fd24f26') in 0.024542 seconds 
  Import took 0.026946 seconds .

========================================================================
Received Import Request.
  Time since last request: 2.371180 seconds.
  path: Assets/Models/Level1Assets/Materials
  artifactKey: Guid(261c86f90430b0e469225ae82725de5b) Importer(815301076,1909f56bfc062723c751e8b465ee728b)
Start importing Assets/Models/Level1Assets/Materials using Guid(261c86f90430b0e469225ae82725de5b) Importer(815301076,1909f56bfc062723c751e8b465ee728b)  -> (artifact id: '759d558d55b49cb20165eb6f94dbfad9') in 0.001482 seconds 
  Import took 0.004206 seconds .

========================================================================
Received Import Request.
  Time since last request: 0.081771 seconds.
  path: Assets/Models/Level1Assets/Materials/D1 Material.mat
  artifactKey: Guid(2bca4c3683143794984cd62dcebb03df) Importer(815301076,1909f56bfc062723c751e8b465ee728b)
Start importing Assets/Models/Level1Assets/Materials/D1 Material.mat using Guid(2bca4c3683143794984cd62dcebb03df) Importer(815301076,1909f56bfc062723c751e8b465ee728b)  -> (artifact id: '068986ef132f03a448d3a3bf02d3f643') in 0.018807 seconds 
  Import took 0.022387 seconds .

========================================================================
Received Prepare
Registering precompiled user dll's ...
Registered in 0.002144 seconds.
Begin MonoManager ReloadAssembly
Native extension for WindowsStandalone target not found
Refreshing native plugins compatible for Editor in 0.32 ms, found 2 plugins.
Preloading 0 native plugins for Editor in 0.00 ms.
Mono: successfully reloaded assembly
- Completed reload, in  0.960 seconds
Domain Reload Profiling:
	ReloadAssembly (960ms)
		BeginReloadAssembly (93ms)
			ExecutionOrderSort (0ms)
			DisableScriptedObjects (3ms)
			BackupInstance (0ms)
			ReleaseScriptingObjects (0ms)
			CreateAndSetChildDomain (27ms)
		EndReloadAssembly (815ms)
			LoadAssemblies (73ms)
			RebuildTransferFunctionScriptingTraits (0ms)
			SetupTypeCache (252ms)
			ReleaseScriptCaches (1ms)
			RebuildScriptCaches (33ms)
			SetupLoadedEditorAssemblies (337ms)
				LogAssemblyErrors (0ms)
				InitializePlatformSupportModulesInManaged (4ms)
				SetLoadedEditorAssemblies (0ms)
				RefreshPlugins (0ms)
				BeforeProcessingInitializeOnLoad (64ms)
				ProcessInitializeOnLoadAttributes (258ms)
				ProcessInitializeOnLoadMethodAttributes (4ms)
				AfterProcessingInitializeOnLoad (6ms)
				EditorAssembliesLoaded (0ms)
			ExecutionOrderSort2 (0ms)
			AwakeInstancesAfterBackupRestoration (8ms)
Platform modules already initialized, skipping
Refreshing native plugins compatible for Editor in 0.34 ms, found 2 plugins.
Preloading 0 native plugins for Editor in 0.00 ms.
Unloading 1687 Unused Serialized files (Serialized files now loaded: 0)
System memory in use before: 79.7 MB.
System memory in use after: 79.8 MB.

Unloading 13 unused Assets to reduce memory usage. Loaded Objects now: 2176.
Total: 2.235400 ms (FindLiveObjects: 0.162600 ms CreateObjectMapping: 0.056200 ms MarkObjects: 1.997100 ms  DeleteObjects: 0.018500 ms)

AssetImportParameters requested are different than current active one (requested -> active):
  custom:framework-win-MediaFoundation: 216162199b28c13a410421893ffa2e32 -> 
  custom:video-decoder-ogg-theora: a1e56fd34408186e4bbccfd4996cb3dc -> 
  custom:container-muxer-webm: aa71ff27fc2769a1b78a27578f13a17b -> 
  custom:container-demuxer-webm: 4f35f7cbe854078d1ac9338744f61a02 -> 
  custom:container-demuxer-ogg: 62fdf1f143b41e24485cea50d1cbac27 -> 
  custom:video-encoder-webm-vp8: eb34c28f22e8b96e1ab97ce403110664 -> 
  custom:video-decoder-webm-vp8: 9c59270c3fd7afecdb556c50c9e8de78 -> 
  custom:audio-decoder-ogg-vorbis: bf7c407c2cedff20999df2af8eb42d56 -> 
  custom:audio-encoder-webm-vorbis: bf7c407c2cedff20999df2af8eb42d56 -> 
========================================================================
Received Import Request.
  Time since last request: 23.146562 seconds.
  path: Assets/Materials/D1 Material.mat
  artifactKey: Guid(2bca4c3683143794984cd62dcebb03df) Importer(815301076,1909f56bfc062723c751e8b465ee728b)
Start importing Assets/Materials/D1 Material.mat using Guid(2bca4c3683143794984cd62dcebb03df) Importer(815301076,1909f56bfc062723c751e8b465ee728b)  -> (artifact id: '2c9bb8da21503ee6d6d66cd6cf4fa206') in 0.050107 seconds 
  Import took 0.053026 seconds .

========================================================================
Received Import Request.
  Time since last request: 11.706223 seconds.
  path: Assets/Scripts
  artifactKey: Guid(ac6c4461878169c4f83d1e8a3fd1dcea) Importer(815301076,1909f56bfc062723c751e8b465ee728b)
Start importing Assets/Scripts using Guid(ac6c4461878169c4f83d1e8a3fd1dcea) Importer(815301076,1909f56bfc062723c751e8b465ee728b)  -> (artifact id: '986cce6c1a6eb8da2838963c72b58ebb') in 0.005238 seconds 
  Import took 0.009228 seconds .

========================================================================
Received Import Request.
  Time since last request: 1.603003 seconds.
  path: Assets/playerController.cs
  artifactKey: Guid(0153474451152354f89339fcc12f2eaf) Importer(815301076,1909f56bfc062723c751e8b465ee728b)
Start importing Assets/playerController.cs using Guid(0153474451152354f89339fcc12f2eaf) Importer(815301076,1909f56bfc062723c751e8b465ee728b)  -> (artifact id: '8d9aabb298f7281aaf76fdbf7f5edcb0') in 0.011109 seconds 
  Import took 0.013522 seconds .

========================================================================
Received Import Request.
  Time since last request: 0.019827 seconds.
  path: Assets/playerController.cs
  artifactKey: Guid(0153474451152354f89339fcc12f2eaf) Importer(815301076,1909f56bfc062723c751e8b465ee728b)
Start importing Assets/playerController.cs using Guid(0153474451152354f89339fcc12f2eaf) Importer(815301076,1909f56bfc062723c751e8b465ee728b)  -> (artifact id: '8d9aabb298f7281aaf76fdbf7f5edcb0') in 0.001469 seconds 
  Import took 0.004073 seconds .

========================================================================
Received Prepare
Registering precompiled user dll's ...
Registered in 0.002319 seconds.
Begin MonoManager ReloadAssembly
Native extension for WindowsStandalone target not found
Refreshing native plugins compatible for Editor in 0.32 ms, found 2 plugins.
Preloading 0 native plugins for Editor in 0.00 ms.
Mono: successfully reloaded assembly
- Completed reload, in  0.977 seconds
Domain Reload Profiling:
	ReloadAssembly (978ms)
		BeginReloadAssembly (123ms)
			ExecutionOrderSort (0ms)
			DisableScriptedObjects (3ms)
			BackupInstance (0ms)
			ReleaseScriptingObjects (0ms)
			CreateAndSetChildDomain (44ms)
		EndReloadAssembly (796ms)
			LoadAssemblies (76ms)
			RebuildTransferFunctionScriptingTraits (0ms)
			SetupTypeCache (248ms)
			ReleaseScriptCaches (1ms)
			RebuildScriptCaches (33ms)
			SetupLoadedEditorAssemblies (349ms)
				LogAssemblyErrors (0ms)
				InitializePlatformSupportModulesInManaged (5ms)
				SetLoadedEditorAssemblies (0ms)
				RefreshPlugins (0ms)
				BeforeProcessingInitializeOnLoad (65ms)
				ProcessInitializeOnLoadAttributes (270ms)
				ProcessInitializeOnLoadMethodAttributes (3ms)
				AfterProcessingInitializeOnLoad (6ms)
				EditorAssembliesLoaded (0ms)
			ExecutionOrderSort2 (0ms)
			AwakeInstancesAfterBackupRestoration (5ms)
Platform modules already initialized, skipping
Refreshing native plugins compatible for Editor in 0.32 ms, found 2 plugins.
Preloading 0 native plugins for Editor in 0.00 ms.
Unloading 1687 Unused Serialized files (Serialized files now loaded: 0)
System memory in use before: 79.8 MB.
System memory in use after: 79.9 MB.

Unloading 13 unused Assets to reduce memory usage. Loaded Objects now: 2180.
Total: 1.912600 ms (FindLiveObjects: 0.150400 ms CreateObjectMapping: 0.054300 ms MarkObjects: 1.693600 ms  DeleteObjects: 0.013500 ms)

AssetImportParameters requested are different than current active one (requested -> active):
  custom:framework-win-MediaFoundation: 216162199b28c13a410421893ffa2e32 -> 
  custom:video-decoder-ogg-theora: a1e56fd34408186e4bbccfd4996cb3dc -> 
  custom:container-muxer-webm: aa71ff27fc2769a1b78a27578f13a17b -> 
  custom:container-demuxer-webm: 4f35f7cbe854078d1ac9338744f61a02 -> 
  custom:container-demuxer-ogg: 62fdf1f143b41e24485cea50d1cbac27 -> 
  custom:video-encoder-webm-vp8: eb34c28f22e8b96e1ab97ce403110664 -> 
  custom:video-decoder-webm-vp8: 9c59270c3fd7afecdb556c50c9e8de78 -> 
  custom:audio-decoder-ogg-vorbis: bf7c407c2cedff20999df2af8eb42d56 -> 
  custom:audio-encoder-webm-vorbis: bf7c407c2cedff20999df2af8eb42d56 -> 
========================================================================
Received Import Request.
  Time since last request: 5.648148 seconds.
  path: Assets/Prefabs/Level1Prefabs
  artifactKey: Guid(570f7d748c1bf3d419ce5d7c869b43ee) Importer(815301076,1909f56bfc062723c751e8b465ee728b)
Start importing Assets/Prefabs/Level1Prefabs using Guid(570f7d748c1bf3d419ce5d7c869b43ee) Importer(815301076,1909f56bfc062723c751e8b465ee728b)  -> (artifact id: 'ef48cbc24559dcbabdcbb503ada3910e') in 0.008220 seconds 
  Import took 0.010666 seconds .

========================================================================
Received Import Request.
  Time since last request: 0.004398 seconds.
  path: Assets/Prefabs/Level1Prefabs
  artifactKey: Guid(570f7d748c1bf3d419ce5d7c869b43ee) Importer(815301076,1909f56bfc062723c751e8b465ee728b)
Start importing Assets/Prefabs/Level1Prefabs using Guid(570f7d748c1bf3d419ce5d7c869b43ee) Importer(815301076,1909f56bfc062723c751e8b465ee728b)  -> (artifact id: 'ef48cbc24559dcbabdcbb503ada3910e') in 0.001205 seconds 
  Import took 0.003950 seconds .

========================================================================
Received Import Request.
  Time since last request: 0.027023 seconds.
  path: Assets/Prefabs/Level1Prefabs/Spike_wCollider1 Variant.prefab
  artifactKey: Guid(abcbcf52fff97e14d8fac699f331b813) Importer(815301076,1909f56bfc062723c751e8b465ee728b)
Start importing Assets/Prefabs/Level1Prefabs/Spike_wCollider1 Variant.prefab using Guid(abcbcf52fff97e14d8fac699f331b813) Importer(815301076,1909f56bfc062723c751e8b465ee728b)  -> (artifact id: '6fb8c692197d36e0c8c553eec642b652') in 0.047904 seconds 
  Import took 0.050602 seconds .

========================================================================
Received Import Request.
  Time since last request: 0.000166 seconds.
  path: Assets/Prefabs/Level1Prefabs/Spike_wCollider2 Variant.prefab
  artifactKey: Guid(88adc6677b648f8428c0a0ec8f729067) Importer(815301076,1909f56bfc062723c751e8b465ee728b)
Start importing Assets/Prefabs/Level1Prefabs/Spike_wCollider2 Variant.prefab using Guid(88adc6677b648f8428c0a0ec8f729067) Importer(815301076,1909f56bfc062723c751e8b465ee728b)  -> (artifact id: '5ec86e77fd888cfd1e3c0e9ba6404362') in 0.009844 seconds 
  Import took 0.012262 seconds .

========================================================================
Received Import Request.
  Time since last request: 59.993414 seconds.
  path: Assets/Scenes/TempSceneForAnimations.unity
  artifactKey: Guid(3c3b26818c6b7d34baa2474313d0c0a0) Importer(815301076,1909f56bfc062723c751e8b465ee728b)
Start importing Assets/Scenes/TempSceneForAnimations.unity using Guid(3c3b26818c6b7d34baa2474313d0c0a0) Importer(815301076,1909f56bfc062723c751e8b465ee728b)  -> (artifact id: '87788a939227fd85c936137e890b210f') in 0.006484 seconds 
  Import took 0.009739 seconds .

========================================================================
Received Import Request.
  Time since last request: 123.792091 seconds.
  path: Assets/Prefabs
  artifactKey: Guid(6b684f750155fc946856bc036f107c51) Importer(815301076,1909f56bfc062723c751e8b465ee728b)
Start importing Assets/Prefabs using Guid(6b684f750155fc946856bc036f107c51) Importer(815301076,1909f56bfc062723c751e8b465ee728b)  -> (artifact id: '827bb585234943cc5202a42f70fd2db6') in 0.006704 seconds 
  Import took 0.010050 seconds .

========================================================================
Received Import Request.
  Time since last request: 64.810144 seconds.
  path: Assets
  artifactKey: Guid(00000000000000001000000000000000) Importer(815301076,1909f56bfc062723c751e8b465ee728b)
Start importing Assets using Guid(00000000000000001000000000000000) Importer(815301076,1909f56bfc062723c751e8b465ee728b)  -> (artifact id: '42d402b061de3733987d63b9cc3b64de') in 0.004419 seconds 
  Import took 0.009823 seconds .

========================================================================
Received Import Request.
  Time since last request: 4.293982 seconds.
  path: Assets/Animations
  artifactKey: Guid(ed51487db4e4286448537228198993cc) Importer(815301076,1909f56bfc062723c751e8b465ee728b)
Start importing Assets/Animations using Guid(ed51487db4e4286448537228198993cc) Importer(815301076,1909f56bfc062723c751e8b465ee728b)  -> (artifact id: '88edf87cc2e7766b5a8436e1dd9b1ec2') in 0.004351 seconds 
  Import took 0.007206 seconds .

========================================================================
Received Import Request.
  Time since last request: 17.202516 seconds.
  path: Assets/Animations/Obstacle.controller
  artifactKey: Guid(7644149735ac33644a52e75577e4fb10) Importer(815301076,1909f56bfc062723c751e8b465ee728b)
Start importing Assets/Animations/Obstacle.controller using Guid(7644149735ac33644a52e75577e4fb10) Importer(815301076,1909f56bfc062723c751e8b465ee728b)  -> (artifact id: '35f62898ee9436f488aeaafedaa8ff9c') in 0.007723 seconds 
  Import took 0.010323 seconds .

========================================================================
Received Import Request.
  Time since last request: 11.169218 seconds.
  path: Assets/Animations/New Animation.anim
  artifactKey: Guid(f5f019bb140c8fb4db0ed4dee18a5585) Importer(815301076,1909f56bfc062723c751e8b465ee728b)
Start importing Assets/Animations/New Animation.anim using Guid(f5f019bb140c8fb4db0ed4dee18a5585) Importer(815301076,1909f56bfc062723c751e8b465ee728b)  -> (artifact id: 'a32a0bd0c0c7b5a2e2795342e81366ea') in 0.018166 seconds 
  Import took 0.021237 seconds .

========================================================================
Received Import Request.
  Time since last request: 3.891857 seconds.
  path: Assets/Animations/Circles.anim
  artifactKey: Guid(f5f019bb140c8fb4db0ed4dee18a5585) Importer(815301076,1909f56bfc062723c751e8b465ee728b)
Start importing Assets/Animations/Circles.anim using Guid(f5f019bb140c8fb4db0ed4dee18a5585) Importer(815301076,1909f56bfc062723c751e8b465ee728b)  -> (artifact id: '5c7129f6cef87a27571cf5b8a97884cc') in 0.005343 seconds 
  Import took 0.007711 seconds .

========================================================================
Received Import Request.
  Time since last request: 1033.346719 seconds.
  path: Assets/Materials/RandomMat.mat
  artifactKey: Guid(63e2ae6c6ab8b154a8544d3e1df51f8c) Importer(815301076,1909f56bfc062723c751e8b465ee728b)
Start importing Assets/Materials/RandomMat.mat using Guid(63e2ae6c6ab8b154a8544d3e1df51f8c) Importer(815301076,1909f56bfc062723c751e8b465ee728b)  -> (artifact id: 'ccfd4069d2fe5f9eba41140fca01198f') in 0.028026 seconds 
  Import took 0.031202 seconds .

========================================================================
Received Import Request.
  Time since last request: 23.118738 seconds.
  path: Assets/Animations/Obstacle.controller
  artifactKey: Guid(7644149735ac33644a52e75577e4fb10) Importer(815301076,1909f56bfc062723c751e8b465ee728b)
Start importing Assets/Animations/Obstacle.controller using Guid(7644149735ac33644a52e75577e4fb10) Importer(815301076,1909f56bfc062723c751e8b465ee728b)  -> (artifact id: '80db88e7196adcd174ae9aca94dbb556') in 0.003382 seconds 
  Import took 0.006214 seconds .

========================================================================
Received Import Request.
  Time since last request: 0.000173 seconds.
  path: Assets/Animations/Obstacle.controller
  artifactKey: Guid(7644149735ac33644a52e75577e4fb10) Importer(815301076,1909f56bfc062723c751e8b465ee728b)
Start importing Assets/Animations/Obstacle.controller using Guid(7644149735ac33644a52e75577e4fb10) Importer(815301076,1909f56bfc062723c751e8b465ee728b)  -> (artifact id: '80db88e7196adcd174ae9aca94dbb556') in 0.002548 seconds 
  Import took 0.005087 seconds .

========================================================================
Received Import Request.
  Time since last request: 5.104276 seconds.
  path: Assets/Animations/Circles.anim
  artifactKey: Guid(f5f019bb140c8fb4db0ed4dee18a5585) Importer(815301076,1909f56bfc062723c751e8b465ee728b)
Start importing Assets/Animations/Circles.anim using Guid(f5f019bb140c8fb4db0ed4dee18a5585) Importer(815301076,1909f56bfc062723c751e8b465ee728b)  -> (artifact id: 'bb483e83b8440910415ef601810db7f5') in 0.005014 seconds 
  Import took 0.008146 seconds .

AssetImportWorkerClient::OnTransportError - code=2 error=End of file
